# module : simulation
# target : tests/
# run at : 2026-07-08 06:42:20 CST
# cwd    : simulation
----------------------------------------------------------------------
============================= test session starts ==============================
platform linux -- Python 3.12.3, pytest-9.1.1, pluggy-1.6.0 -- /home/ubuntu/workspace/wangyutang/.venv/bin/python
cachedir: .pytest_cache
rootdir: /home/ubuntu/workspace/wangyutang/simulation
plugins: anyio-4.14.0
collecting ... collected 26 items

tests/test_state.py::test_turn_left_decrements_heading_modulo_360 PASSED [  3%]
tests/test_state.py::test_turn_right_increments_heading_modulo_360 PASSED [  7%]
tests/test_state.py::test_move_forward_advances_along_heading PASSED     [ 11%]
tests/test_state.py::test_move_backward_reverses_along_heading PASSED    [ 15%]
tests/test_state.py::test_move_clamped_to_arena_bounds PASSED            [ 19%]
tests/test_state.py::test_look_left_clamps_pan_at_minus_45 PASSED        [ 23%]
tests/test_state.py::test_look_down_clamps_tilt_at_plus_30 PASSED        [ 26%]
tests/test_state.py::test_rgb_on_sets_color_and_flag PASSED              [ 30%]
tests/test_state.py::test_rgb_off_clears_flag PASSED                     [ 34%]
tests/test_state.py::test_reset_pose_centers_gimbal PASSED               [ 38%]
tests/test_state.py::test_emergency_stop_message PASSED                  [ 42%]
tests/test_state.py::test_front_distance_hits_wall PASSED                [ 46%]
tests/test_state.py::test_front_distance_capped_at_max PASSED            [ 50%]
tests/test_state.py::test_apply_appends_trail_and_log_and_frame_id PASSED [ 53%]
tests/test_state.py::test_to_dict_shape PASSED                           [ 57%]
tests/test_state_cases.py::test_state_case[turn_left_wraps_modulo_360] PASSED [ 61%]
tests/test_state_cases.py::test_state_case[turn_right_wraps_modulo_360] PASSED [ 65%]
tests/test_state_cases.py::test_state_case[move_forward_along_heading_zero] PASSED [ 69%]
tests/test_state_cases.py::test_state_case[move_backward_reverses] PASSED [ 73%]
tests/test_state_cases.py::test_state_case[look_left_clamps_pan_min] PASSED [ 76%]
tests/test_state_cases.py::test_state_case[look_down_clamps_tilt_max] PASSED [ 80%]
tests/test_state_cases.py::test_state_case[rgb_on_sets_color_and_flag] PASSED [ 84%]
tests/test_state_cases.py::test_state_case[rgb_off_clears_flag] PASSED   [ 88%]
tests/test_state_cases.py::test_state_case[reset_pose_centers_gimbal] PASSED [ 92%]
tests/test_state_cases.py::test_state_case[emergency_stop_message] PASSED [ 96%]
tests/test_state_cases.py::test_state_case[move_clamped_to_right_wall] PASSED [100%]

============================== 26 passed in 0.05s ==============================
