# module : slam_mapping/2d_action
# target : tests/
# run at : 2026-07-08 06:42:20 CST
# cwd    : slam_mapping/2d_action
----------------------------------------------------------------------
============================= test session starts ==============================
platform linux -- Python 3.12.3, pytest-9.1.1, pluggy-1.6.0 -- /home/ubuntu/workspace/wangyutang/.venv/bin/python
cachedir: .pytest_cache
rootdir: /home/ubuntu/workspace/wangyutang/slam_mapping/2d_action
plugins: anyio-4.14.0
collecting ... collected 6 items

tests/test_closed_loop.py::ClosedLoopTest::test_learns_scale_then_single_shot_feedforward PASSED [ 16%]
tests/test_closed_loop.py::ClosedLoopTest::test_reports_bursts_for_traceability PASSED [ 33%]
tests/test_closed_loop.py::ClosedLoopTest::test_rotate_converges PASSED  [ 50%]
tests/test_closed_loop.py::ClosedLoopTest::test_scale_is_clamped_against_bad_sample PASSED [ 66%]
tests/test_closed_loop.py::ClosedLoopTest::test_slam_pose_feedback_closes_loop PASSED [ 83%]
tests/test_closed_loop.py::ClosedLoopTest::test_translate_converges_within_tolerance PASSED [100%]

============================== 6 passed in 0.03s ===============================
