# module : camera_snapshot
# target : tests/
# run at : 2026-07-07 03:11:09 CST
# cwd    : camera_snapshot
----------------------------------------------------------------------
============================= test session starts ==============================
platform linux -- Python 3.12.3, pytest-9.1.1, pluggy-1.6.0 -- /home/ubuntu/workspace/wangyutang/.venv/bin/python
cachedir: .pytest_cache
rootdir: /home/ubuntu/workspace/wangyutang/camera_snapshot
plugins: anyio-4.14.0
collecting ... collected 15 items

tests/test_smoke.py::CameraSnapshotSmokeTests::test_control_and_stop_are_kind_scoped PASSED [  6%]
tests/test_smoke.py::CameraSnapshotSmokeTests::test_inspection_api_stores_cpu_and_memory_metrics PASSED [ 13%]
tests/test_smoke.py::CameraSnapshotSmokeTests::test_inspection_diagnoses_power_undervoltage PASSED [ 20%]
tests/test_smoke.py::CameraSnapshotSmokeTests::test_legacy_mode_mapping_and_frame_kind_inference PASSED [ 26%]
tests/test_smoke.py::CameraSnapshotSmokeTests::test_parse_cpu_usage_uses_proc_stat_deltas PASSED [ 33%]
tests/test_smoke.py::CameraSnapshotSmokeTests::test_ros_web_video_backend_reports_missing_usb_camera_device PASSED [ 40%]
tests/test_smoke.py::CameraSnapshotSmokeTests::test_sender_does_not_fallback_to_screenshot_when_camera_capture_fails PASSED [ 46%]
tests/test_smoke.py::CameraSnapshotSmokeTests::test_sender_reports_inspection_before_screen_capture PASSED [ 53%]
tests/test_smoke.py::CameraSnapshotSmokeTests::test_sender_reports_real_camera_source_when_camera_capture_works PASSED [ 60%]
tests/test_smoke.py::CameraSnapshotSmokeTests::test_sender_upload_frame_sends_capture_kind_header PASSED [ 66%]
tests/test_smoke.py::CameraSnapshotSmokeTests::test_sender_upload_task_status_reports_failure PASSED [ 73%]
tests/test_smoke.py::CameraSnapshotSmokeTests::test_server_stores_latest_frames_per_kind_without_overwrite PASSED [ 80%]
tests/test_smoke.py::CameraSnapshotSmokeTests::test_smile_face_render_endpoint_returns_jpeg PASSED [ 86%]
tests/test_smoke.py::CameraSnapshotSmokeTests::test_static_page_exposes_independent_capture_cards PASSED [ 93%]
tests/test_smoke.py::CameraSnapshotSmokeTests::test_task_status_failure_is_kind_scoped_and_records_error PASSED [100%]

=============================== warnings summary ===============================
../.venv/lib/python3.12/site-packages/fastapi/testclient.py:1
  /home/ubuntu/workspace/wangyutang/.venv/lib/python3.12/site-packages/fastapi/testclient.py:1: StarletteDeprecationWarning: Using `httpx` with `starlette.testclient` is deprecated; install `httpx2` instead.
    from starlette.testclient import TestClient as TestClient  # noqa

-- Docs: https://docs.pytest.org/en/stable/how-to/capture-warnings.html
======================== 15 passed, 1 warning in 1.22s =========================
