# module : pi5_monitor
# target : tests/
# run at : 2026-07-07 09:34:46 +08:00
# cwd    : pi5_monitor
----------------------------------------------------------------------
============================= test session starts =============================
platform win32 -- Python 3.13.12, pytest-9.1.1, pluggy-1.6.0 -- C:\Users\Administrator\AppData\Local\Programs\Python\Python313\python.exe
cachedir: .pytest_cache
rootdir: C:\Users\Administrator\Desktop\Workspace\Project_Codex\wangyutang_platform\pi5_monitor
plugins: anyio-4.12.1
collecting ... collected 12 items

tests/test_analyzer.py::test_snapshot_detects_sudo_shutdown_command PASSED [  8%]
tests/test_analyzer.py::test_snapshot_detects_undervoltage_in_journal PASSED [ 16%]
tests/test_analyzer.py::test_snapshot_empty_returns_unknown PASSED       [ 25%]
tests/test_analyzer.py::test_snapshot_all_blank_strings_returns_fallback PASSED [ 33%]
tests/test_analyzer.py::test_analyze_events_flags_shutdown_sudo PASSED   [ 41%]
tests/test_analyzer.py::test_analyze_events_flags_oom PASSED             [ 50%]
tests/test_analyzer.py::test_analyze_events_empty_returns_no_record PASSED [ 58%]
tests/test_analyzer.py::test_analyze_events_multiple_network_down PASSED [ 66%]
tests/test_analyzer.py::test_event_summary_ssh_login PASSED              [ 75%]
tests/test_analyzer.py::test_event_summary_sudo PASSED                   [ 83%]
tests/test_analyzer.py::test_quick_analyze_prefers_snapshot PASSED       [ 91%]
tests/test_analyzer.py::test_quick_analyze_falls_back_to_events PASSED   [100%]

============================= 12 passed in 0.07s ==============================
