# module : smoke
# target : .
# run at : 2026-07-08 06:42:20 CST
# cwd    : smoke
----------------------------------------------------------------------
============================= test session starts ==============================
platform linux -- Python 3.12.3, pytest-9.1.1, pluggy-1.6.0 -- /home/ubuntu/workspace/wangyutang/.venv/bin/python
cachedir: .pytest_cache
rootdir: /home/ubuntu/workspace/wangyutang/smoke
plugins: anyio-4.14.0
collecting ... collected 76 items

test_routing.py::TestExactAliasRouting::test_emergency_stop_chinese PASSED [  1%]
test_routing.py::TestExactAliasRouting::test_emergency_stop_english PASSED [  2%]
test_routing.py::TestExactAliasRouting::test_move_backward_exact PASSED  [  3%]
test_routing.py::TestExactAliasRouting::test_move_forward_exact PASSED   [  5%]
test_routing.py::TestExactAliasRouting::test_move_left_exact PASSED      [  6%]
test_routing.py::TestExactAliasRouting::test_move_right_exact PASSED     [  7%]
test_routing.py::TestExactAliasRouting::test_turn_left_exact PASSED      [  9%]
test_routing.py::TestExactAliasRouting::test_turn_right_exact PASSED     [ 10%]
test_routing.py::TestRegistryRouteSmoke::test_camera_snapshot_registered PASSED [ 11%]
test_routing.py::TestRegistryRouteSmoke::test_emergency_stop_registered PASSED [ 13%]
test_routing.py::TestRegistryRouteSmoke::test_front_distance_registered PASSED [ 14%]
test_routing.py::TestRegistryRouteSmoke::test_inspect_scene_registered PASSED [ 15%]
test_routing.py::TestRegistryRouteSmoke::test_look_down_registered PASSED [ 17%]
test_routing.py::TestRegistryRouteSmoke::test_look_left_registered PASSED [ 18%]
test_routing.py::TestRegistryRouteSmoke::test_look_right_registered PASSED [ 19%]
test_routing.py::TestRegistryRouteSmoke::test_look_up_registered PASSED  [ 21%]
test_routing.py::TestRegistryRouteSmoke::test_move_backward_registered PASSED [ 22%]
test_routing.py::TestRegistryRouteSmoke::test_move_forward_registered PASSED [ 23%]
test_routing.py::TestRegistryRouteSmoke::test_move_left_registered PASSED [ 25%]
test_routing.py::TestRegistryRouteSmoke::test_move_right_registered PASSED [ 26%]
test_routing.py::TestRegistryRouteSmoke::test_reset_pose_registered PASSED [ 27%]
test_routing.py::TestRegistryRouteSmoke::test_rgb_off_registered PASSED  [ 28%]
test_routing.py::TestRegistryRouteSmoke::test_rgb_on_registered PASSED   [ 30%]
test_routing.py::TestRegistryRouteSmoke::test_turn_left_registered PASSED [ 31%]
test_routing.py::TestRegistryRouteSmoke::test_turn_right_registered PASSED [ 32%]
test_routing.py::TestDispatchEnvelopeFormat::test_camera_snapshot_observation PASSED [ 34%]
test_routing.py::TestDispatchEnvelopeFormat::test_front_distance_observation PASSED [ 35%]
test_routing.py::TestDispatchEnvelopeFormat::test_look_down_task PASSED  [ 36%]
test_routing.py::TestDispatchEnvelopeFormat::test_look_left_task PASSED  [ 38%]
test_routing.py::TestDispatchEnvelopeFormat::test_look_right_task PASSED [ 39%]
test_routing.py::TestDispatchEnvelopeFormat::test_look_up_task PASSED    [ 40%]
test_routing.py::TestDispatchEnvelopeFormat::test_reset_pose_task PASSED [ 42%]
test_routing.py::TestDispatchEnvelopeFormat::test_rgb_off_task PASSED    [ 43%]
test_routing.py::TestDispatchEnvelopeFormat::test_rgb_on_task PASSED     [ 44%]
test_routing.py::TestToolValidatorSmoke::test_validator_accepts_look_down PASSED [ 46%]
test_routing.py::TestToolValidatorSmoke::test_validator_accepts_look_left PASSED [ 47%]
test_routing.py::TestToolValidatorSmoke::test_validator_accepts_look_right PASSED [ 48%]
test_routing.py::TestToolValidatorSmoke::test_validator_accepts_look_up PASSED [ 50%]
test_routing.py::TestToolValidatorSmoke::test_validator_accepts_move_backward PASSED [ 51%]
test_routing.py::TestToolValidatorSmoke::test_validator_accepts_move_forward PASSED [ 52%]
test_routing.py::TestToolValidatorSmoke::test_validator_accepts_move_left PASSED [ 53%]
test_routing.py::TestToolValidatorSmoke::test_validator_accepts_move_right PASSED [ 55%]
test_routing.py::TestToolValidatorSmoke::test_validator_accepts_reset_pose PASSED [ 56%]
test_routing.py::TestToolValidatorSmoke::test_validator_accepts_rgb_off PASSED [ 57%]
test_routing.py::TestToolValidatorSmoke::test_validator_accepts_rgb_on PASSED [ 59%]
test_routing.py::TestToolValidatorSmoke::test_validator_accepts_turn_left PASSED [ 60%]
test_routing.py::TestToolValidatorSmoke::test_validator_accepts_turn_right PASSED [ 61%]
test_routing.py::TestToolValidatorSmoke::test_validator_clips_duration_over_limit PASSED [ 63%]
test_schema.py::TestSkillRegistrySmoke::test_all_smoke_skills_present_in_registry PASSED [ 64%]
test_schema.py::TestSkillRegistrySmoke::test_registry_loads_without_error PASSED [ 65%]
test_schema.py::TestSkillRegistrySmoke::test_smoke_skill_routes_match_registry PASSED [ 67%]
test_schema.py::TestSkillRegistrySmoke::test_smoke_skill_tools_match_registry PASSED [ 68%]
test_schema.py::TestToolSchemaSmoke::test_dispatch_action_enum_contains_all_action_skills PASSED [ 69%]
test_schema.py::TestToolSchemaSmoke::test_duration_limits_present_for_action_skills PASSED [ 71%]
test_schema.py::TestToolSchemaSmoke::test_emergency_stop_not_in_dispatch_action_enum PASSED [ 72%]
test_schema.py::TestToolSchemaSmoke::test_observation_tools_not_in_dispatch_action_enum PASSED [ 73%]
tests/test_skill_routing_cases.py::test_json_matches_live_cases PASSED   [ 75%]
tests/test_skill_routing_cases.py::test_expected_skill_defined_in_registry[stop->emergency_stop] PASSED [ 76%]
tests/test_skill_routing_cases.py::test_expected_skill_defined_in_registry[\u6025\u505c->emergency_stop] PASSED [ 77%]
tests/test_skill_routing_cases.py::test_expected_skill_defined_in_registry[reset->reset_pose] PASSED [ 78%]
tests/test_skill_routing_cases.py::test_expected_skill_defined_in_registry[\u5411\u524d\u8d70->move_forward] PASSED [ 80%]
tests/test_skill_routing_cases.py::test_expected_skill_defined_in_registry[\u524d\u8fdb->move_forward] PASSED [ 81%]
tests/test_skill_routing_cases.py::test_expected_skill_defined_in_registry[\u540e\u9000->move_backward] PASSED [ 82%]
tests/test_skill_routing_cases.py::test_expected_skill_defined_in_registry[\u5de6\u79fb->move_left] PASSED [ 84%]
tests/test_skill_routing_cases.py::test_expected_skill_defined_in_registry[\u53f3\u79fb->move_right] PASSED [ 85%]
tests/test_skill_routing_cases.py::test_expected_skill_defined_in_registry[\u5de6\u8f6c->turn_left] PASSED [ 86%]
tests/test_skill_routing_cases.py::test_expected_skill_defined_in_registry[\u53f3\u8f6c->turn_right] PASSED [ 88%]
tests/test_skill_routing_cases.py::test_expected_skill_defined_in_registry[\u5411\u5de6\u770b->look_left] PASSED [ 89%]
tests/test_skill_routing_cases.py::test_expected_skill_defined_in_registry[\u5411\u53f3\u770b->look_right] PASSED [ 90%]
tests/test_skill_routing_cases.py::test_expected_skill_defined_in_registry[\u5411\u4e0a\u770b->look_up] PASSED [ 92%]
tests/test_skill_routing_cases.py::test_expected_skill_defined_in_registry[\u5411\u4e0b\u770b->look_down] PASSED [ 93%]
tests/test_skill_routing_cases.py::test_expected_skill_defined_in_registry[\u5f00\u706f->rgb_on] PASSED [ 94%]
tests/test_skill_routing_cases.py::test_expected_skill_defined_in_registry[\u5173\u706f->rgb_off] PASSED [ 96%]
tests/test_skill_routing_cases.py::test_expected_skill_defined_in_registry[\u524d\u65b9\u8ddd\u79bb->front_distance] PASSED [ 97%]
tests/test_skill_routing_cases.py::test_expected_skill_defined_in_registry[\u62cd\u7167->camera_snapshot] PASSED [ 98%]
tests/test_skill_routing_cases.py::test_expected_skill_defined_in_registry[\u524d\u9762\u6709\u4ec0\u4e48->inspect_scene] PASSED [100%]

=============================== warnings summary ===============================
test_routing.py::TestExactAliasRouting::test_emergency_stop_chinese
test_routing.py::TestExactAliasRouting::test_emergency_stop_english
  /home/ubuntu/workspace/wangyutang/robot_sandbox/tools/tool_validator.py:86: PydanticDeprecatedSince20: The `copy` method is deprecated; use `model_copy` instead. See the docstring of `BaseModel.copy` for details about how to handle `include` and `exclude`. Deprecated in Pydantic V2.0 to be removed in V3.0. See Pydantic V2 Migration Guide at https://errors.pydantic.dev/2.13/migration/
    normalized = call.copy(deep=True)

-- Docs: https://docs.pytest.org/en/stable/how-to/capture-warnings.html
======================= 76 passed, 2 warnings in 15.79s ========================
