# module : robot_gateway
# target : tests/
# run at : 2026-07-07 23:16:45 CST
# cwd    : robot_gateway
----------------------------------------------------------------------
============================= test session starts ==============================
platform linux -- Python 3.12.3, pytest-9.1.1, pluggy-1.6.0 -- /home/ubuntu/workspace/wangyutang/.venv/bin/python
cachedir: .pytest_cache
rootdir: /home/ubuntu/workspace/wangyutang/robot_gateway
plugins: anyio-4.14.0
collecting ... collected 5 items

tests/test_caddyfile.py::test_caddyfile_exists_and_nonempty PASSED       [ 20%]
tests/test_caddyfile.py::test_every_service_route_present PASSED         [ 40%]
tests/test_caddyfile.py::test_every_route_points_to_correct_upstream PASSED [ 60%]
tests/test_caddyfile.py::test_health_endpoint_defined PASSED             [ 80%]
tests/test_caddyfile.py::test_static_site_files_exist PASSED             [100%]

============================== 5 passed in 0.01s ===============================
