# module : robot_gateway
# target : tests/
# run at : 2026-07-07 09:34:49 +08:00
# cwd    : robot_gateway
----------------------------------------------------------------------
============================= test session starts =============================
platform win32 -- Python 3.13.12, pytest-9.1.1, pluggy-1.6.0 -- C:\Users\Administrator\AppData\Local\Programs\Python\Python313\python.exe
cachedir: .pytest_cache
rootdir: C:\Users\Administrator\Desktop\Workspace\Project_Codex\wangyutang_platform\robot_gateway
plugins: anyio-4.12.1
collecting ... collected 5 items

tests/test_caddyfile.py::test_caddyfile_exists_and_nonempty PASSED       [ 20%]
tests/test_caddyfile.py::test_every_service_route_present PASSED         [ 40%]
tests/test_caddyfile.py::test_every_route_points_to_correct_upstream PASSED [ 60%]
tests/test_caddyfile.py::test_health_endpoint_defined PASSED             [ 80%]
tests/test_caddyfile.py::test_static_site_files_exist PASSED             [100%]

============================== 5 passed in 0.05s ==============================
