# module : smile_face
# target : tests/
# run at : 2026-07-07 09:34:48 +08:00
# cwd    : smile_face
----------------------------------------------------------------------
============================= test session starts =============================
platform win32 -- Python 3.13.12, pytest-9.1.1, pluggy-1.6.0 -- C:\Users\Administrator\AppData\Local\Programs\Python\Python313\python.exe
cachedir: .pytest_cache
rootdir: C:\Users\Administrator\Desktop\Workspace\Project_Codex\wangyutang_platform\smile_face
plugins: anyio-4.12.1
collecting ... collected 11 items

tests/test_face_render.py::test_clamp_bounds PASSED                      [  9%]
tests/test_face_render.py::test_mix_linear_interpolation PASSED          [ 18%]
tests/test_face_render.py::test_blend_colors_endpoints_and_midpoint PASSED [ 27%]
tests/test_face_render.py::test_blend_clamps_out_of_range_t PASSED       [ 36%]
tests/test_face_render.py::test_star_points_count_is_double PASSED       [ 45%]
tests/test_face_render.py::test_all_emotions_have_required_keys PASSED   [ 54%]
tests/test_face_render.py::test_styles_have_palette_keys PASSED          [ 63%]
tests/test_face_render.py::test_draw_face_returns_rgb_image_correct_size PASSED [ 72%]
tests/test_face_render.py::test_different_emotions_render_different_pixels PASSED [ 81%]
tests/test_face_render.py::test_unknown_emotion_falls_back_to_neutral PASSED [ 90%]
tests/test_face_render.py::test_unknown_style_falls_back_to_mochi PASSED [100%]

============================== warnings summary ===============================
tests/test_face_render.py::test_different_emotions_render_different_pixels
tests/test_face_render.py::test_different_emotions_render_different_pixels
  C:\Users\Administrator\Desktop\Workspace\Project_Codex\wangyutang_platform\smile_face\tests\test_face_render.py:88: DeprecationWarning: Image.Image.getdata is deprecated and will be removed in Pillow 14 (2027-10-15). Use get_flattened_data instead.
    assert list(happy.getdata()) != list(sad.getdata())

tests/test_face_render.py::test_unknown_emotion_falls_back_to_neutral
tests/test_face_render.py::test_unknown_emotion_falls_back_to_neutral
  C:\Users\Administrator\Desktop\Workspace\Project_Codex\wangyutang_platform\smile_face\tests\test_face_render.py:95: DeprecationWarning: Image.Image.getdata is deprecated and will be removed in Pillow 14 (2027-10-15). Use get_flattened_data instead.
    assert list(unknown.getdata()) == list(neutral.getdata())

tests/test_face_render.py::test_unknown_style_falls_back_to_mochi
tests/test_face_render.py::test_unknown_style_falls_back_to_mochi
  C:\Users\Administrator\Desktop\Workspace\Project_Codex\wangyutang_platform\smile_face\tests\test_face_render.py:101: DeprecationWarning: Image.Image.getdata is deprecated and will be removed in Pillow 14 (2027-10-15). Use get_flattened_data instead.
    assert list(unknown.getdata()) == list(mochi.getdata())

-- Docs: https://docs.pytest.org/en/stable/how-to/capture-warnings.html
======================= 11 passed, 6 warnings in 2.11s ========================
