# module : audio_interact
# target : tests/
# run at : 2026-07-07 09:33:41 +08:00
# cwd    : audio_interact
----------------------------------------------------------------------
============================= test session starts =============================
platform win32 -- Python 3.13.12, pytest-9.1.1, pluggy-1.6.0 -- C:\Users\Administrator\AppData\Local\Programs\Python\Python313\python.exe
cachedir: .pytest_cache
rootdir: C:\Users\Administrator\Desktop\Workspace\Project_Codex\wangyutang_platform\audio_interact
plugins: anyio-4.12.1
collecting ... collected 5 items

tests/test_wake_state.py::test_wake_word_accepts_homophones PASSED       [ 20%]
tests/test_wake_state.py::test_sleeping_device_ignores_commands_until_wake PASSED [ 40%]
tests/test_wake_state.py::test_wake_word_activates_and_routes_following_text PASSED [ 60%]
tests/test_wake_state.py::test_wake_phrase_with_inline_command_routes_suffix PASSED [ 80%]
tests/test_wake_state.py::test_dismiss_puts_device_back_to_sleep PASSED  [100%]

============================== 5 passed in 0.08s ==============================
